another bad doodoo:0
another bad doodoo:0
another bad doodoo:0
another bad doodoo:0
another bad doodoo:0
another bad doodoo:0
another bad doodoo:0
another bad doodoo:0
another bad doodoo:0
another bad doodoo:0
rank:1, i:-1 j:2 turn:0 1
another bad doodoo:0
another bad doodoo:0
another bad doodoo:0
another bad doodoo:0
another bad doodoo:0
another bad doodoo:0
another bad doodoo:0
another bad doodoo:0
another bad doodoo:0
another bad doodoo:0
rank:1, i:-1 j:2 turn:0 2
Generation 1, red
---------------------------------
   00|01|02|03|04|05|06|07|08|09|
00:  |  |  |  |  | F|  | *|  |  |
01: R|  | R|  | R|  | R| *| *|  |
02:  | *| *|  |  |  |  |  |  |  |
03: R|  |  | *| F|  |  |  | R|  |
---------------------------------
another bad doodoo:0
rank:1, i:4 j:11 turn:1 1
another bad doodoo:0
another bad doodoo:0
another bad doodoo:0
another bad doodoo:0
another bad doodoo:0
another bad doodoo:0
another bad doodoo:0
another bad doodoo:0
another bad doodoo:0
another bad doodoo:0
rank:1, i:4 j:11 turn:1 2
another bad doodoo:0
another bad doodoo:0
another bad doodoo:0
another bad doodoo:0
another bad doodoo:0
another bad doodoo:0
another bad doodoo:0
another bad doodoo:0
another bad doodoo:0
Generation 1, black
---------------------------------
   00|01|02|03|04|05|06|07|08|09|
00:  |  | R|  | F|  |  | *|  |  |
rank:1, i:4 j:10 turn:0 1
another bad doodoo:0
another bad doodoo:0
another bad doodoo:0
another bad doodoo:0
another bad doodoo:0
another bad doodoo:0
another bad doodoo:0
another bad doodoo:0
another bad doodoo:0
another bad doodoo:0
rank:1, i:4 j:10 turn:0 2
01: R|  |  |  | R|  | R| *| *|  |
02:  | *| *|  |  |  |  |  |  |  |
03: R|  |  | *| F|  |  |  | R|  |
---------------------------------
another bad doodoo:0
another bad doodoo:0
another bad doodoo:0
another bad doodoo:0
another bad doodoo:0
another bad doodoo:0
another bad doodoo:0
another bad doodoo:0
another bad doodoo:0
another bad doodoo:0
Generation 2, red
---------------------------------
   00|01|02|03|04|05|06|07|08|09|
00:  | R|  |  |  |  |  | *|  |  |
01: R|  |  |  | F|  | R| *| *|  |
02:  | *| *|  |  |  |  |  |  |  |
rank:1, i:4 j:11 turn:1 1
another bad doodoo:0
another bad doodoo:0
another bad doodoo:0
another bad doodoo:0
another bad doodoo:0
another bad doodoo:0
another bad doodoo:0
another bad doodoo:0
another bad doodoo:0
another bad doodoo:0
rank:1, i:4 j:11 turn:1 2
rank:1, i:4 j:10 turn:0 1
another bad doodoo:0
another bad doodoo:0
another bad doodoo:0
another bad doodoo:0
another bad doodoo:1
another bad doodoo:0
another bad doodoo:0
another bad doodoo:0
another bad doodoo:0
another bad doodoo:0
rank:1, i:4 j:10 turn:0 2
03: R|  | R| *| F|  |  |  | R|  |
---------------------------------
another bad doodoo:0
another bad doodoo:0
another bad doodoo:0
another bad doodoo:0
another bad doodoo:0
another bad doodoo:0
another bad doodoo:0
another bad doodoo:0
another bad doodoo:0
another bad doodoo:0
Generation 2, black
---------------------------------
   00|01|02|03|04|05|06|07|08|09|
00:  | R|  |  |  |  |  | *|  |  |
01:  | R|  |  | F|  |  | *| *|  |
02: R| *| *|  |  |  | R|  |  |  |
03:  |  | R| *|  |  |  |  |  |  |
---------------------------------
another bad doodoo:0
another bad doodoo:0
another bad doodoo:0
another bad doodoo:0
another bad doodoo:0
another bad doodoo:0
another bad doodoo:0
another bad doodoo:0
another bad doodoo:0
another bad doodoo:0
Generation 3, red
---------------------------------
   00|01|02|03|04|05|06|07|08|09|
rank:1, i:4 j:11 turn:1 1
another bad doodoo:0
another bad doodoo:0
another bad doodoo:0
another bad doodoo:0
another bad doodoo:2
00:  | R|  |  |  |  |  | *|  |  |
01: R|  |  |  | F|  |  | *| *|  |
02:  | *| *|  |  |  |  |  |  |  |
03:  |  | R| *|  |  | R|  | R|  |
---------------------------------
another bad doodoo:0
another bad doodoo:0
another bad doodoo:0
another bad doodoo:0
another bad doodoo:0
another bad doodoo:0
another bad doodoo:0
another bad doodoo:0
another bad doodoo:0
another bad doodoo:0
another bad doodoo:0
another bad doodoo:0
another bad doodoo:0
another bad doodoo:0
another bad doodoo:0
rank:1, i:4 j:11 turn:1 2
Generation 3, black
---------------------------------
   00|01|02|03|04|05|06|07|08|09|
00:  |  |  |  |  |  |  | *|  |  |
01: R| R|  |  |  |  |  | *| *|  |
02:  | *| *|  | F|  |  |  |  |  |
rank:1, i:4 j:10 turn:0 1
another bad doodoo:0
another bad doodoo:0
another bad doodoo:0
another bad doodoo:0
another bad doodoo:4
another bad doodoo:0
another bad doodoo:0
another bad doodoo:0
another bad doodoo:0
another bad doodoo:0
rank:1, i:4 j:10 turn:0 2
03:  |  |  | *|  |  | R|  | R|  |
---------------------------------
another bad doodoo:0
another bad doodoo:0
another bad doodoo:0
another bad doodoo:0
another bad doodoo:0
another bad doodoo:0
another bad doodoo:0
another bad doodoo:0
another bad doodoo:0
another bad doodoo:0
Generation 4, red
---------------------------------
   00|01|02|03|04|05|06|07|08|09|
00:  |  |  |  |  |  |  | *|  |  |
01: R| F| R|  | F|  |  | *| *|  |
02:  | *| *|  |  |  |  |  |  |  |
03: R|  | R| *|  |  | R|  | R|  |
---------------------------------
another bad doodoo:0
rank:1, i:4 j:11 turn:1 1
another bad doodoo:0
another bad doodoo:0
another bad doodoo:0
another bad doodoo:0
another bad doodoo:52915
another bad doodoo:0
another bad doodoo:0
another bad doodoo:0
another bad doodoo:0
another bad doodoo:0
another bad doodoo:0
another bad doodoo:0
another bad doodoo:0
another bad doodoo:0
